2026-07-07 14:28:36	INFO	nacos/registry.go:436	[Nacos Registry] New nacos registry with url = map[host:120.26.172.16 password:nacos port:8848 protocol:nacos registry:nacos registry.group:DEFAULT_GROUP registry.id:nacos registry.label:true registry.namespace:test registry.preferred:false registry.role:0 registry.timeout:5s registry.ttl:15m registry.type:interface registry.weight:0 registry.zone: remote-client-name:dubbo.registries-nacos-120.26.172.16:8848 simplified:false username:nacos]
2026-07-07 14:28:36	INFO	nacos/builder.go:124	[Nacos Client] New nacos client with config = [{Scheme: ContextPath: IpAddr:120.26.172.16 Port:8848 GrpcPort:0}]
2026-07-07 14:28:36	WARN	extension/registry_directory.go:60	registry directory nacos does not exist, make sure you have import the package, will use the default directory type.
2026-07-07 14:28:36	ERROR	chain/chain.go:121	Build router chain failed with routerFactories key:polaris-router and error:polaris router must set application name
2026-07-07 14:28:36	INFO	directory/directory.go:355	[Registry Directory] selector add service url{tri://10.80.40.181:27090/cn.mobile.ivy.demo.helloworld.HelloWorldService?application=dubbo-java-provider-demo-dubbo&category=providers&check.serializable=false&deprecated=false&dubbo=2.0.2&dynamic=true&generic=false&interface=cn.mobile.ivy.demo.helloworld.HelloWorldService&methods=sayHello%2CsayHelloAsync&path=cn.mobile.ivy.demo.helloworld.HelloWorldService&prefer.serialization=hessian2%2Cfastjson2&protocol=tri&proxy=nativestub&release=3.3.5&serialize.check.status=DISABLE&side=provider&timestamp=1783405706126}
2026-07-07 14:28:36	INFO	triple/triple.go:127	[TRIPLE Protocol] Refer service: tri://10.80.40.181:27090/cn.mobile.ivy.demo.helloworld.HelloWorldService?IDL-mode=&app.version=&application=dubbo-java-provider-demo-dubbo&async=false&bean.name=cn.mobile.ivy.demo.helloworld.HelloWorldService&category=providers&check.serializable=false&cluster=failover&config.tracing=&deprecated=false&dubbo=2.0.2&dynamic=true&environment=test&generic=false&group=&interface=cn.mobile.ivy.demo.helloworld.HelloWorldService&keep-alive-interval=&keep-alive-timeout=&loadbalance=interleavedweightedroundrobin&metadata-type=local&methods=sayHello%2CsayHelloAsync&module=sample&name=dubbo-go-consumer-demo&organization=dubbo-go&owner=dubbo-go&path=cn.mobile.ivy.demo.helloworld.HelloWorldService&prefer.serialization=hessian2%2Cfastjson2&protocol=tri&provided-by=&proxy=nativestub&reference.filter=cshutdown&registry.role=0&release=3.3.5&retries=&serialization=protobuf&serialize.check.status=DISABLE&side=provider&sticky=false&timeout=5s&timestamp=1783405706126&version=
2026-07-07 14:28:36	INFO	tag/router.go:87	Config center does not start, Tag router will not be enabled
2026-07-07 14:28:36	INFO	condition/dynamic_router.go:301	Config center does not start, Condition router will not be enabled
2026-07-07 14:28:36	INFO	condition/dynamic_router.go:354	Config center does not start, Condition router will not be enabled
2026-07-07 14:28:36	INFO	directory/directory.go:163	Start subscribing for service :tri://:@:/?interface=cn.mobile.ivy.demo.helloworld.HelloWorldService&group=&version= with a new go routine.
2026-07-07 14:28:36	INFO	nacos/registry.go:144	[Nacos Registry] Registry instance with param = {Ip:10.80.40.181 Port:80 Weight:1 Enable:true Healthy:true Metadata:map[IDL-mode: app.version: application:dubbo-go-consumer-demo async:false bean.name:cn.mobile.ivy.demo.helloworld.HelloWorldService cluster:failover config.tracing: environment:test generic: group: interface:cn.mobile.ivy.demo.helloworld.HelloWorldService keep-alive-interval: keep-alive-timeout: loadbalance:interleavedweightedroundrobin metadata-type:local methods:sayHello module:sample nacos.category:consumers name:dubbo-go-consumer-demo organization:dubbo-go owner:dubbo-go path:/cn.mobile.ivy.demo.helloworld.HelloWorldService protocol:tri provided-by: reference.filter:cshutdown registry.role:0 release:dubbo-golang-3.3.1 retries: serialization:protobuf side:consumer sticky:false timeout:5s timestamp:1783405716 version:] ClusterName: ServiceName:consumers:cn.mobile.ivy.demo.helloworld.HelloWorldService:: GroupName:DEFAULT_GROUP Ephemeral:true}
2026-07-07 14:28:36	INFO	directory/directory.go:205	register completed successfully for service: tri://:@10.80.40.181:80/?interface=cn.mobile.ivy.demo.helloworld.HelloWorldService&group=&version=
2026-07-07 14:29:10	INFO	nacos/registry.go:314	[Nacos Registry] Update begin, service event: ServiceEvent{Action{add}, Path{tri://192.168.22.36:27090/cn.mobile.ivy.demo.helloworld.HelloWorldService?application=dubbo-java-provider-demo-dubbo&category=providers&check.serializable=false&deprecated=false&dubbo=2.0.2&dynamic=true&generic=false&interface=cn.mobile.ivy.demo.helloworld.HelloWorldService&methods=sayHello%2CsayHelloAsync&path=cn.mobile.ivy.demo.helloworld.HelloWorldService&prefer.serialization=hessian2%2Cfastjson2&protocol=tri&proxy=nativestub&release=3.3.5&serialize.check.status=DISABLE&side=provider&timestamp=1783405749917}, Key{}}
2026-07-07 14:29:10	INFO	directory/directory.go:355	[Registry Directory] selector add service url{tri://192.168.22.36:27090/cn.mobile.ivy.demo.helloworld.HelloWorldService?application=dubbo-java-provider-demo-dubbo&category=providers&check.serializable=false&deprecated=false&dubbo=2.0.2&dynamic=true&generic=false&interface=cn.mobile.ivy.demo.helloworld.HelloWorldService&methods=sayHello%2CsayHelloAsync&path=cn.mobile.ivy.demo.helloworld.HelloWorldService&prefer.serialization=hessian2%2Cfastjson2&protocol=tri&proxy=nativestub&release=3.3.5&serialize.check.status=DISABLE&side=provider&timestamp=1783405749917}
2026-07-07 14:29:10	INFO	triple/triple.go:127	[TRIPLE Protocol] Refer service: tri://192.168.22.36:27090/cn.mobile.ivy.demo.helloworld.HelloWorldService?IDL-mode=&app.version=&application=dubbo-java-provider-demo-dubbo&async=false&bean.name=cn.mobile.ivy.demo.helloworld.HelloWorldService&category=providers&check.serializable=false&cluster=failover&config.tracing=&deprecated=false&dubbo=2.0.2&dynamic=true&environment=test&generic=false&group=&interface=cn.mobile.ivy.demo.helloworld.HelloWorldService&keep-alive-interval=&keep-alive-timeout=&loadbalance=interleavedweightedroundrobin&metadata-type=local&methods=sayHello%2CsayHelloAsync&module=sample&name=dubbo-go-consumer-demo&organization=dubbo-go&owner=dubbo-go&path=cn.mobile.ivy.demo.helloworld.HelloWorldService&prefer.serialization=hessian2%2Cfastjson2&protocol=tri&provided-by=&proxy=nativestub&reference.filter=cshutdown&registry.role=0&release=3.3.5&retries=&serialization=protobuf&serialize.check.status=DISABLE&side=provider&sticky=false&timeout=5s&timestamp=1783405749917&version=
2026-07-07 14:29:10	INFO	tag/router.go:87	Config center does not start, Tag router will not be enabled
2026-07-07 14:29:10	INFO	condition/dynamic_router.go:301	Config center does not start, Condition router will not be enabled
2026-07-07 14:29:10	INFO	condition/dynamic_router.go:354	Config center does not start, Condition router will not be enabled
2026-07-07 14:29:48	INFO	graceful_shutdown/shutdown.go:90	get signal interrupt, applicationConfig will shutdown.
2026-07-07 14:29:48	INFO	graceful_shutdown/shutdown.go:148	Graceful shutdown --- Destroy all registriesConfig. 
2026-07-07 14:29:48	INFO	graceful_shutdown/shutdown.go:154	Graceful shutdown --- Keep waiting and accept new requests for a short time. 
2026-07-07 14:29:51	ERROR	graceful_shutdown/common.go:41	The OfflineRequestWindowTimeout configuration is invalid: , and we will use the default value: 3s, err: time: invalid duration ""
2026-07-07 14:29:51	INFO	graceful_shutdown/shutdown.go:184	Graceful shutdown --- Keep waiting until sending/accepting requests finish or timeout. 
2026-07-07 14:29:51	INFO	graceful_shutdown/shutdown.go:200	waiting for consumer active invocation count = 1
2026-07-07 14:29:51	INFO	graceful_shutdown/shutdown.go:200	waiting for consumer active invocation count = 1
2026-07-07 14:29:51	INFO	graceful_shutdown/shutdown.go:200	waiting for consumer active invocation count = 1
2026-07-07 14:29:51	INFO	graceful_shutdown/shutdown.go:200	waiting for consumer active invocation count = 1
2026-07-07 14:29:51	INFO	graceful_shutdown/shutdown.go:200	waiting for consumer active invocation count = 1
2026-07-07 14:29:51	INFO	graceful_shutdown/shutdown.go:200	waiting for consumer active invocation count = 1
2026-07-07 14:29:51	INFO	graceful_shutdown/shutdown.go:200	waiting for consumer active invocation count = 1
2026-07-07 14:29:51	INFO	graceful_shutdown/shutdown.go:200	waiting for consumer active invocation count = 1
2026-07-07 14:29:51	INFO	graceful_shutdown/shutdown.go:200	waiting for consumer active invocation count = 1
2026-07-07 14:29:51	INFO	graceful_shutdown/shutdown.go:200	waiting for consumer active invocation count = 1
2026-07-07 14:29:51	INFO	graceful_shutdown/shutdown.go:200	waiting for consumer active invocation count = 1
2026-07-07 14:29:51	INFO	graceful_shutdown/shutdown.go:200	waiting for consumer active invocation count = 1
2026-07-07 14:29:51	INFO	graceful_shutdown/shutdown.go:200	waiting for consumer active invocation count = 1
2026-07-07 14:29:51	INFO	graceful_shutdown/shutdown.go:200	waiting for consumer active invocation count = 1
2026-07-07 14:29:51	INFO	graceful_shutdown/shutdown.go:200	waiting for consumer active invocation count = 1
2026-07-07 14:29:51	INFO	graceful_shutdown/shutdown.go:200	waiting for consumer active invocation count = 1
2026-07-07 14:29:51	INFO	graceful_shutdown/shutdown.go:200	waiting for consumer active invocation count = 1
2026-07-07 14:29:51	INFO	graceful_shutdown/shutdown.go:200	waiting for consumer active invocation count = 1
2026-07-07 14:29:51	INFO	graceful_shutdown/shutdown.go:200	waiting for consumer active invocation count = 1
2026-07-07 14:29:51	INFO	graceful_shutdown/shutdown.go:200	waiting for consumer active invocation count = 1
2026-07-07 14:29:51	INFO	graceful_shutdown/shutdown.go:200	waiting for consumer active invocation count = 1
2026-07-07 14:29:51	INFO	graceful_shutdown/shutdown.go:200	waiting for consumer active invocation count = 1
2026-07-07 14:29:51	INFO	graceful_shutdown/shutdown.go:200	waiting for consumer active invocation count = 1
2026-07-07 14:29:51	INFO	graceful_shutdown/shutdown.go:200	waiting for consumer active invocation count = 1
2026-07-07 14:29:51	INFO	graceful_shutdown/shutdown.go:200	waiting for consumer active invocation count = 1
2026-07-07 14:29:51	INFO	graceful_shutdown/shutdown.go:200	waiting for consumer active invocation count = 1
2026-07-07 14:29:51	INFO	graceful_shutdown/shutdown.go:200	waiting for consumer active invocation count = 1
2026-07-07 14:29:51	INFO	graceful_shutdown/shutdown.go:200	waiting for consumer active invocation count = 1
2026-07-07 14:29:51	INFO	graceful_shutdown/shutdown.go:200	waiting for consumer active invocation count = 1
2026-07-07 14:29:51	INFO	graceful_shutdown/shutdown.go:200	waiting for consumer active invocation count = 1
2026-07-07 14:29:51	INFO	graceful_shutdown/shutdown.go:200	waiting for consumer active invocation count = 1
2026-07-07 14:29:51	INFO	graceful_shutdown/shutdown.go:200	waiting for consumer active invocation count = 1
2026-07-07 14:29:51	INFO	graceful_shutdown/shutdown.go:200	waiting for consumer active invocation count = 1
2026-07-07 14:29:51	INFO	graceful_shutdown/shutdown.go:200	waiting for consumer active invocation count = 1
2026-07-07 14:29:51	INFO	graceful_shutdown/shutdown.go:200	waiting for consumer active invocation count = 1
2026-07-07 14:29:51	INFO	graceful_shutdown/shutdown.go:200	waiting for consumer active invocation count = 1
2026-07-07 14:29:51	INFO	graceful_shutdown/shutdown.go:200	waiting for consumer active invocation count = 1
2026-07-07 14:29:51	INFO	graceful_shutdown/shutdown.go:200	waiting for consumer active invocation count = 1
2026-07-07 14:29:51	INFO	graceful_shutdown/shutdown.go:200	waiting for consumer active invocation count = 1
2026-07-07 14:29:51	INFO	graceful_shutdown/shutdown.go:200	waiting for consumer active invocation count = 1
2026-07-07 14:29:51	INFO	graceful_shutdown/shutdown.go:200	waiting for consumer active invocation count = 1
2026-07-07 14:29:51	INFO	graceful_shutdown/shutdown.go:200	waiting for consumer active invocation count = 1
2026-07-07 14:29:51	INFO	graceful_shutdown/shutdown.go:200	waiting for consumer active invocation count = 1
2026-07-07 14:29:51	INFO	graceful_shutdown/shutdown.go:200	waiting for consumer active invocation count = 1
2026-07-07 14:29:51	INFO	graceful_shutdown/shutdown.go:200	waiting for consumer active invocation count = 1
2026-07-07 14:29:51	INFO	graceful_shutdown/shutdown.go:200	waiting for consumer active invocation count = 1
2026-07-07 14:29:51	INFO	graceful_shutdown/shutdown.go:200	waiting for consumer active invocation count = 1
2026-07-07 14:29:51	INFO	graceful_shutdown/shutdown.go:200	waiting for consumer active invocation count = 1
2026-07-07 14:29:51	INFO	graceful_shutdown/shutdown.go:200	waiting for consumer active invocation count = 1
2026-07-07 14:29:51	INFO	graceful_shutdown/shutdown.go:200	waiting for consumer active invocation count = 1
2026-07-07 14:29:51	INFO	graceful_shutdown/shutdown.go:200	waiting for consumer active invocation count = 1
2026-07-07 14:29:51	INFO	graceful_shutdown/shutdown.go:200	waiting for consumer active invocation count = 1
2026-07-07 14:29:51	INFO	graceful_shutdown/shutdown.go:200	waiting for consumer active invocation count = 1
2026-07-07 14:29:51	INFO	graceful_shutdown/shutdown.go:200	waiting for consumer active invocation count = 1
2026-07-07 14:29:51	INFO	graceful_shutdown/shutdown.go:200	waiting for consumer active invocation count = 1
2026-07-07 14:29:51	INFO	graceful_shutdown/shutdown.go:200	waiting for consumer active invocation count = 1
2026-07-07 14:29:51	INFO	graceful_shutdown/shutdown.go:200	waiting for consumer active invocation count = 1
2026-07-07 14:29:51	INFO	graceful_shutdown/shutdown.go:200	waiting for consumer active invocation count = 1
2026-07-07 14:29:51	INFO	graceful_shutdown/shutdown.go:200	waiting for consumer active invocation count = 1
2026-07-07 14:29:51	INFO	graceful_shutdown/shutdown.go:200	waiting for consumer active invocation count = 1
2026-07-07 14:29:51	INFO	graceful_shutdown/shutdown.go:200	waiting for consumer active invocation count = 1
2026-07-07 14:29:51	INFO	graceful_shutdown/shutdown.go:200	waiting for consumer active invocation count = 1
2026-07-07 14:29:51	INFO	graceful_shutdown/shutdown.go:200	waiting for consumer active invocation count = 1
2026-07-07 14:29:51	INFO	graceful_shutdown/shutdown.go:200	waiting for consumer active invocation count = 1
2026-07-07 14:29:51	INFO	graceful_shutdown/shutdown.go:200	waiting for consumer active invocation count = 1
2026-07-07 14:29:51	INFO	graceful_shutdown/shutdown.go:200	waiting for consumer active invocation count = 1
2026-07-07 14:29:51	INFO	graceful_shutdown/shutdown.go:200	waiting for consumer active invocation count = 1
2026-07-07 14:29:51	INFO	graceful_shutdown/shutdown.go:200	waiting for consumer active invocation count = 1
2026-07-07 14:29:51	INFO	graceful_shutdown/shutdown.go:200	waiting for consumer active invocation count = 1
2026-07-07 14:29:51	INFO	graceful_shutdown/shutdown.go:200	waiting for consumer active invocation count = 1
2026-07-07 14:29:51	INFO	graceful_shutdown/shutdown.go:200	waiting for consumer active invocation count = 1
2026-07-07 14:29:51	INFO	graceful_shutdown/shutdown.go:200	waiting for consumer active invocation count = 1
2026-07-07 14:29:51	INFO	graceful_shutdown/shutdown.go:200	waiting for consumer active invocation count = 1
2026-07-07 14:29:51	INFO	graceful_shutdown/shutdown.go:200	waiting for consumer active invocation count = 1
2026-07-07 14:29:51	INFO	graceful_shutdown/shutdown.go:200	waiting for consumer active invocation count = 1
2026-07-07 14:29:51	INFO	graceful_shutdown/shutdown.go:200	waiting for consumer active invocation count = 1
2026-07-07 14:29:51	INFO	graceful_shutdown/shutdown.go:200	waiting for consumer active invocation count = 1
2026-07-07 14:29:51	INFO	graceful_shutdown/shutdown.go:200	waiting for consumer active invocation count = 1
2026-07-07 14:29:51	INFO	graceful_shutdown/shutdown.go:200	waiting for consumer active invocation count = 1
2026-07-07 14:29:51	INFO	graceful_shutdown/shutdown.go:200	waiting for consumer active invocation count = 1
2026-07-07 14:29:51	INFO	graceful_shutdown/shutdown.go:200	waiting for consumer active invocation count = 1
2026-07-07 14:29:51	INFO	graceful_shutdown/shutdown.go:200	waiting for consumer active invocation count = 1
2026-07-07 14:29:51	INFO	graceful_shutdown/shutdown.go:200	waiting for consumer active invocation count = 1
2026-07-07 14:29:51	INFO	graceful_shutdown/shutdown.go:200	waiting for consumer active invocation count = 1
2026-07-07 14:29:51	INFO	graceful_shutdown/shutdown.go:200	waiting for consumer active invocation count = 1
2026-07-07 14:29:51	INFO	graceful_shutdown/shutdown.go:200	waiting for consumer active invocation count = 1
2026-07-07 14:29:51	INFO	graceful_shutdown/shutdown.go:200	waiting for consumer active invocation count = 1
2026-07-07 14:29:51	INFO	graceful_shutdown/shutdown.go:200	waiting for consumer active invocation count = 1
2026-07-07 14:29:51	INFO	graceful_shutdown/shutdown.go:200	waiting for consumer active invocation count = 1
2026-07-07 14:29:51	INFO	graceful_shutdown/shutdown.go:200	waiting for consumer active invocation count = 1
2026-07-07 14:29:51	INFO	graceful_shutdown/shutdown.go:200	waiting for consumer active invocation count = 1
2026-07-07 14:29:51	INFO	graceful_shutdown/shutdown.go:200	waiting for consumer active invocation count = 1
2026-07-07 14:29:51	INFO	graceful_shutdown/shutdown.go:200	waiting for consumer active invocation count = 1
2026-07-07 14:29:52	INFO	graceful_shutdown/shutdown.go:200	waiting for consumer active invocation count = 1
2026-07-07 14:29:52	INFO	graceful_shutdown/shutdown.go:200	waiting for consumer active invocation count = 1
2026-07-07 14:29:52	INFO	graceful_shutdown/shutdown.go:200	waiting for consumer active invocation count = 1
2026-07-07 14:29:52	INFO	graceful_shutdown/shutdown.go:200	waiting for consumer active invocation count = 1
2026-07-07 14:29:52	INFO	graceful_shutdown/shutdown.go:200	waiting for consumer active invocation count = 1
2026-07-07 14:29:52	INFO	graceful_shutdown/shutdown.go:200	waiting for consumer active invocation count = 1
2026-07-07 14:29:52	INFO	graceful_shutdown/shutdown.go:200	waiting for consumer active invocation count = 1
2026-07-07 14:29:52	INFO	graceful_shutdown/shutdown.go:200	waiting for consumer active invocation count = 1
2026-07-07 14:29:52	INFO	graceful_shutdown/shutdown.go:200	waiting for consumer active invocation count = 1
2026-07-07 14:29:52	INFO	graceful_shutdown/shutdown.go:200	waiting for consumer active invocation count = 1
2026-07-07 14:29:52	INFO	graceful_shutdown/shutdown.go:200	waiting for consumer active invocation count = 1
2026-07-07 14:29:52	INFO	graceful_shutdown/shutdown.go:200	waiting for consumer active invocation count = 1
2026-07-07 14:29:52	INFO	graceful_shutdown/shutdown.go:200	waiting for consumer active invocation count = 1
2026-07-07 14:29:52	INFO	graceful_shutdown/shutdown.go:200	waiting for consumer active invocation count = 1
2026-07-07 14:29:52	INFO	graceful_shutdown/shutdown.go:200	waiting for consumer active invocation count = 1
2026-07-07 14:29:52	INFO	graceful_shutdown/shutdown.go:200	waiting for consumer active invocation count = 1
2026-07-07 14:29:52	INFO	graceful_shutdown/shutdown.go:200	waiting for consumer active invocation count = 1
2026-07-07 14:29:52	INFO	graceful_shutdown/shutdown.go:200	waiting for consumer active invocation count = 1
2026-07-07 14:29:52	INFO	graceful_shutdown/shutdown.go:200	waiting for consumer active invocation count = 1
2026-07-07 14:29:52	INFO	graceful_shutdown/shutdown.go:200	waiting for consumer active invocation count = 1
2026-07-07 14:29:52	INFO	graceful_shutdown/shutdown.go:200	waiting for consumer active invocation count = 1
2026-07-07 14:29:52	INFO	graceful_shutdown/shutdown.go:200	waiting for consumer active invocation count = 1
2026-07-07 14:29:52	INFO	graceful_shutdown/shutdown.go:200	waiting for consumer active invocation count = 1
2026-07-07 14:29:52	INFO	graceful_shutdown/shutdown.go:200	waiting for consumer active invocation count = 1
2026-07-07 14:29:52	INFO	graceful_shutdown/shutdown.go:200	waiting for consumer active invocation count = 1
2026-07-07 14:29:52	INFO	graceful_shutdown/shutdown.go:200	waiting for consumer active invocation count = 1
2026-07-07 14:29:52	INFO	graceful_shutdown/shutdown.go:200	waiting for consumer active invocation count = 1
2026-07-07 14:29:52	INFO	graceful_shutdown/shutdown.go:200	waiting for consumer active invocation count = 1
2026-07-07 14:29:52	INFO	graceful_shutdown/shutdown.go:200	waiting for consumer active invocation count = 1
2026-07-07 14:29:52	INFO	graceful_shutdown/shutdown.go:200	waiting for consumer active invocation count = 1
2026-07-07 14:29:52	INFO	graceful_shutdown/shutdown.go:200	waiting for consumer active invocation count = 1
2026-07-07 14:29:52	INFO	graceful_shutdown/shutdown.go:200	waiting for consumer active invocation count = 1
2026-07-07 14:29:52	INFO	graceful_shutdown/shutdown.go:200	waiting for consumer active invocation count = 1
2026-07-07 14:29:52	INFO	graceful_shutdown/shutdown.go:200	waiting for consumer active invocation count = 1
2026-07-07 14:29:52	INFO	graceful_shutdown/shutdown.go:200	waiting for consumer active invocation count = 1
2026-07-07 14:29:52	INFO	graceful_shutdown/shutdown.go:200	waiting for consumer active invocation count = 1
2026-07-07 14:29:52	INFO	graceful_shutdown/shutdown.go:200	waiting for consumer active invocation count = 1
2026-07-07 14:29:52	INFO	graceful_shutdown/shutdown.go:200	waiting for consumer active invocation count = 1
2026-07-07 14:29:52	INFO	graceful_shutdown/shutdown.go:200	waiting for consumer active invocation count = 1
2026-07-07 14:29:52	INFO	graceful_shutdown/shutdown.go:200	waiting for consumer active invocation count = 1
2026-07-07 14:29:52	INFO	graceful_shutdown/shutdown.go:200	waiting for consumer active invocation count = 1
2026-07-07 14:29:52	INFO	graceful_shutdown/shutdown.go:200	waiting for consumer active invocation count = 1
2026-07-07 14:29:52	INFO	graceful_shutdown/shutdown.go:200	waiting for consumer active invocation count = 1
2026-07-07 14:29:52	INFO	graceful_shutdown/shutdown.go:200	waiting for consumer active invocation count = 1
2026-07-07 14:29:52	INFO	graceful_shutdown/shutdown.go:200	waiting for consumer active invocation count = 1
2026-07-07 14:29:52	INFO	graceful_shutdown/shutdown.go:200	waiting for consumer active invocation count = 1
2026-07-07 14:29:52	INFO	graceful_shutdown/shutdown.go:200	waiting for consumer active invocation count = 1
2026-07-07 14:29:52	INFO	graceful_shutdown/shutdown.go:200	waiting for consumer active invocation count = 1
2026-07-07 14:29:52	INFO	graceful_shutdown/shutdown.go:200	waiting for consumer active invocation count = 1
2026-07-07 14:29:52	INFO	graceful_shutdown/shutdown.go:200	waiting for consumer active invocation count = 1
2026-07-07 14:29:52	INFO	graceful_shutdown/shutdown.go:200	waiting for consumer active invocation count = 1
2026-07-07 14:29:52	INFO	graceful_shutdown/shutdown.go:200	waiting for consumer active invocation count = 1
2026-07-07 14:29:52	INFO	graceful_shutdown/shutdown.go:200	waiting for consumer active invocation count = 1
2026-07-07 14:29:52	INFO	graceful_shutdown/shutdown.go:200	waiting for consumer active invocation count = 1
2026-07-07 14:29:52	INFO	graceful_shutdown/shutdown.go:200	waiting for consumer active invocation count = 1
2026-07-07 14:29:52	INFO	graceful_shutdown/shutdown.go:200	waiting for consumer active invocation count = 1
2026-07-07 14:29:52	INFO	graceful_shutdown/shutdown.go:200	waiting for consumer active invocation count = 1
2026-07-07 14:29:52	INFO	graceful_shutdown/shutdown.go:200	waiting for consumer active invocation count = 1
2026-07-07 14:29:52	INFO	graceful_shutdown/shutdown.go:200	waiting for consumer active invocation count = 1
2026-07-07 14:29:52	INFO	graceful_shutdown/shutdown.go:200	waiting for consumer active invocation count = 1
2026-07-07 14:29:52	INFO	graceful_shutdown/shutdown.go:200	waiting for consumer active invocation count = 1
2026-07-07 14:29:52	INFO	graceful_shutdown/shutdown.go:200	waiting for consumer active invocation count = 1
2026-07-07 14:29:52	INFO	graceful_shutdown/shutdown.go:200	waiting for consumer active invocation count = 1
2026-07-07 14:29:52	INFO	graceful_shutdown/shutdown.go:200	waiting for consumer active invocation count = 1
2026-07-07 14:29:52	INFO	graceful_shutdown/shutdown.go:200	waiting for consumer active invocation count = 1
2026-07-07 14:29:52	INFO	graceful_shutdown/shutdown.go:200	waiting for consumer active invocation count = 1
2026-07-07 14:29:52	INFO	graceful_shutdown/shutdown.go:200	waiting for consumer active invocation count = 1
2026-07-07 14:29:52	INFO	graceful_shutdown/shutdown.go:200	waiting for consumer active invocation count = 1
2026-07-07 14:29:52	INFO	graceful_shutdown/shutdown.go:200	waiting for consumer active invocation count = 1
2026-07-07 14:29:52	INFO	graceful_shutdown/shutdown.go:200	waiting for consumer active invocation count = 1
2026-07-07 14:29:52	INFO	graceful_shutdown/shutdown.go:200	waiting for consumer active invocation count = 1
2026-07-07 14:29:52	INFO	graceful_shutdown/shutdown.go:200	waiting for consumer active invocation count = 1
2026-07-07 14:29:52	INFO	graceful_shutdown/shutdown.go:200	waiting for consumer active invocation count = 1
2026-07-07 14:29:52	INFO	graceful_shutdown/shutdown.go:200	waiting for consumer active invocation count = 1
2026-07-07 14:29:52	INFO	graceful_shutdown/shutdown.go:200	waiting for consumer active invocation count = 1
2026-07-07 14:29:52	INFO	graceful_shutdown/shutdown.go:200	waiting for consumer active invocation count = 1
2026-07-07 14:29:52	INFO	graceful_shutdown/shutdown.go:200	waiting for consumer active invocation count = 1
2026-07-07 14:29:52	INFO	graceful_shutdown/shutdown.go:200	waiting for consumer active invocation count = 1
2026-07-07 14:29:52	INFO	graceful_shutdown/shutdown.go:200	waiting for consumer active invocation count = 1
2026-07-07 14:29:52	INFO	graceful_shutdown/shutdown.go:200	waiting for consumer active invocation count = 1
2026-07-07 14:29:52	INFO	graceful_shutdown/shutdown.go:200	waiting for consumer active invocation count = 1
2026-07-07 14:29:52	INFO	graceful_shutdown/shutdown.go:200	waiting for consumer active invocation count = 1
2026-07-07 14:29:52	INFO	graceful_shutdown/shutdown.go:200	waiting for consumer active invocation count = 1
2026-07-07 14:29:52	INFO	graceful_shutdown/shutdown.go:200	waiting for consumer active invocation count = 1
2026-07-07 14:29:52	INFO	graceful_shutdown/shutdown.go:200	waiting for consumer active invocation count = 1
2026-07-07 14:29:52	INFO	graceful_shutdown/shutdown.go:200	waiting for consumer active invocation count = 1
2026-07-07 14:29:52	INFO	graceful_shutdown/shutdown.go:200	waiting for consumer active invocation count = 1
2026-07-07 14:29:52	INFO	graceful_shutdown/shutdown.go:200	waiting for consumer active invocation count = 1
2026-07-07 14:29:52	INFO	graceful_shutdown/shutdown.go:200	waiting for consumer active invocation count = 1
2026-07-07 14:29:52	INFO	graceful_shutdown/shutdown.go:200	waiting for consumer active invocation count = 1
2026-07-07 14:29:52	INFO	graceful_shutdown/shutdown.go:200	waiting for consumer active invocation count = 1
2026-07-07 14:29:52	INFO	graceful_shutdown/shutdown.go:200	waiting for consumer active invocation count = 1
2026-07-07 14:29:52	INFO	graceful_shutdown/shutdown.go:200	waiting for consumer active invocation count = 1
2026-07-07 14:29:52	INFO	graceful_shutdown/shutdown.go:200	waiting for consumer active invocation count = 1
2026-07-07 14:29:52	INFO	graceful_shutdown/shutdown.go:200	waiting for consumer active invocation count = 1
2026-07-07 14:29:52	INFO	graceful_shutdown/shutdown.go:200	waiting for consumer active invocation count = 1
2026-07-07 14:29:52	INFO	graceful_shutdown/shutdown.go:200	waiting for consumer active invocation count = 1
2026-07-07 14:29:53	INFO	graceful_shutdown/shutdown.go:200	waiting for consumer active invocation count = 1
2026-07-07 14:29:53	INFO	graceful_shutdown/shutdown.go:200	waiting for consumer active invocation count = 1
2026-07-07 14:29:53	INFO	graceful_shutdown/shutdown.go:200	waiting for consumer active invocation count = 1
2026-07-07 14:29:53	INFO	graceful_shutdown/shutdown.go:200	waiting for consumer active invocation count = 1
2026-07-07 14:29:53	INFO	graceful_shutdown/shutdown.go:200	waiting for consumer active invocation count = 1
2026-07-07 14:29:53	INFO	graceful_shutdown/shutdown.go:200	waiting for consumer active invocation count = 1
2026-07-07 14:29:53	INFO	graceful_shutdown/shutdown.go:200	waiting for consumer active invocation count = 1
2026-07-07 14:29:53	INFO	graceful_shutdown/shutdown.go:200	waiting for consumer active invocation count = 1
2026-07-07 14:29:53	INFO	graceful_shutdown/shutdown.go:200	waiting for consumer active invocation count = 1
2026-07-07 14:29:53	INFO	graceful_shutdown/shutdown.go:200	waiting for consumer active invocation count = 1
2026-07-07 14:29:53	INFO	graceful_shutdown/shutdown.go:200	waiting for consumer active invocation count = 1
2026-07-07 14:29:53	INFO	graceful_shutdown/shutdown.go:200	waiting for consumer active invocation count = 1
2026-07-07 14:29:53	INFO	graceful_shutdown/shutdown.go:200	waiting for consumer active invocation count = 1
2026-07-07 14:29:53	INFO	graceful_shutdown/shutdown.go:200	waiting for consumer active invocation count = 1
2026-07-07 14:29:53	INFO	graceful_shutdown/shutdown.go:200	waiting for consumer active invocation count = 1
2026-07-07 14:29:53	INFO	graceful_shutdown/shutdown.go:200	waiting for consumer active invocation count = 1
2026-07-07 14:29:53	INFO	graceful_shutdown/shutdown.go:200	waiting for consumer active invocation count = 1
2026-07-07 14:29:53	INFO	graceful_shutdown/shutdown.go:200	waiting for consumer active invocation count = 1
2026-07-07 14:29:53	INFO	graceful_shutdown/shutdown.go:200	waiting for consumer active invocation count = 1
2026-07-07 14:29:53	INFO	graceful_shutdown/shutdown.go:200	waiting for consumer active invocation count = 1
2026-07-07 14:29:53	INFO	graceful_shutdown/shutdown.go:200	waiting for consumer active invocation count = 1
2026-07-07 14:29:53	INFO	graceful_shutdown/shutdown.go:200	waiting for consumer active invocation count = 1
2026-07-07 14:29:53	INFO	graceful_shutdown/shutdown.go:200	waiting for consumer active invocation count = 1
2026-07-07 14:29:53	INFO	graceful_shutdown/shutdown.go:200	waiting for consumer active invocation count = 1
2026-07-07 14:29:53	INFO	graceful_shutdown/shutdown.go:200	waiting for consumer active invocation count = 1
2026-07-07 14:29:53	INFO	graceful_shutdown/shutdown.go:200	waiting for consumer active invocation count = 1
2026-07-07 14:29:53	INFO	graceful_shutdown/shutdown.go:200	waiting for consumer active invocation count = 1
2026-07-07 14:29:53	INFO	graceful_shutdown/shutdown.go:200	waiting for consumer active invocation count = 1
2026-07-07 14:29:53	INFO	graceful_shutdown/shutdown.go:200	waiting for consumer active invocation count = 1
2026-07-07 14:29:53	INFO	graceful_shutdown/shutdown.go:200	waiting for consumer active invocation count = 1
2026-07-07 14:29:53	INFO	graceful_shutdown/shutdown.go:200	waiting for consumer active invocation count = 1
2026-07-07 14:29:53	INFO	graceful_shutdown/shutdown.go:200	waiting for consumer active invocation count = 1
2026-07-07 14:29:53	INFO	graceful_shutdown/shutdown.go:200	waiting for consumer active invocation count = 1
2026-07-07 14:29:53	INFO	graceful_shutdown/shutdown.go:200	waiting for consumer active invocation count = 1
2026-07-07 14:29:53	INFO	graceful_shutdown/shutdown.go:200	waiting for consumer active invocation count = 1
2026-07-07 14:29:53	INFO	graceful_shutdown/shutdown.go:200	waiting for consumer active invocation count = 1
2026-07-07 14:29:53	INFO	graceful_shutdown/shutdown.go:200	waiting for consumer active invocation count = 1
2026-07-07 14:29:53	INFO	graceful_shutdown/shutdown.go:200	waiting for consumer active invocation count = 1
2026-07-07 14:29:53	INFO	graceful_shutdown/shutdown.go:200	waiting for consumer active invocation count = 1
2026-07-07 14:29:53	INFO	graceful_shutdown/shutdown.go:200	waiting for consumer active invocation count = 1
2026-07-07 14:29:53	INFO	graceful_shutdown/shutdown.go:200	waiting for consumer active invocation count = 1
2026-07-07 14:29:53	INFO	graceful_shutdown/shutdown.go:200	waiting for consumer active invocation count = 1
2026-07-07 14:29:53	INFO	graceful_shutdown/shutdown.go:200	waiting for consumer active invocation count = 1
2026-07-07 14:29:53	INFO	graceful_shutdown/shutdown.go:200	waiting for consumer active invocation count = 1
2026-07-07 14:29:53	INFO	graceful_shutdown/shutdown.go:200	waiting for consumer active invocation count = 1
2026-07-07 14:29:53	INFO	graceful_shutdown/shutdown.go:200	waiting for consumer active invocation count = 1
2026-07-07 14:29:53	INFO	graceful_shutdown/shutdown.go:200	waiting for consumer active invocation count = 1
2026-07-07 14:29:53	INFO	graceful_shutdown/shutdown.go:200	waiting for consumer active invocation count = 1
2026-07-07 14:29:53	INFO	graceful_shutdown/shutdown.go:200	waiting for consumer active invocation count = 1
2026-07-07 14:29:53	INFO	graceful_shutdown/shutdown.go:200	waiting for consumer active invocation count = 1
2026-07-07 14:29:53	INFO	graceful_shutdown/shutdown.go:200	waiting for consumer active invocation count = 1
2026-07-07 14:29:53	INFO	graceful_shutdown/shutdown.go:200	waiting for consumer active invocation count = 1
2026-07-07 14:29:53	INFO	graceful_shutdown/shutdown.go:200	waiting for consumer active invocation count = 1
2026-07-07 14:29:53	INFO	graceful_shutdown/shutdown.go:200	waiting for consumer active invocation count = 1
2026-07-07 14:29:53	INFO	graceful_shutdown/shutdown.go:200	waiting for consumer active invocation count = 1
2026-07-07 14:29:53	INFO	graceful_shutdown/shutdown.go:200	waiting for consumer active invocation count = 1
2026-07-07 14:29:53	INFO	graceful_shutdown/shutdown.go:200	waiting for consumer active invocation count = 1
2026-07-07 14:29:53	INFO	graceful_shutdown/shutdown.go:200	waiting for consumer active invocation count = 1
2026-07-07 14:29:53	INFO	graceful_shutdown/shutdown.go:200	waiting for consumer active invocation count = 1
2026-07-07 14:29:53	INFO	graceful_shutdown/shutdown.go:200	waiting for consumer active invocation count = 1
2026-07-07 14:29:53	INFO	graceful_shutdown/shutdown.go:200	waiting for consumer active invocation count = 1
2026-07-07 14:29:53	INFO	graceful_shutdown/shutdown.go:200	waiting for consumer active invocation count = 1
2026-07-07 14:29:53	INFO	graceful_shutdown/shutdown.go:200	waiting for consumer active invocation count = 1
2026-07-07 14:29:53	INFO	graceful_shutdown/shutdown.go:200	waiting for consumer active invocation count = 1
2026-07-07 14:29:53	INFO	graceful_shutdown/shutdown.go:200	waiting for consumer active invocation count = 1
2026-07-07 14:29:53	INFO	graceful_shutdown/shutdown.go:200	waiting for consumer active invocation count = 1
2026-07-07 14:29:53	INFO	graceful_shutdown/shutdown.go:200	waiting for consumer active invocation count = 1
2026-07-07 14:29:53	INFO	graceful_shutdown/shutdown.go:200	waiting for consumer active invocation count = 1
2026-07-07 14:29:53	INFO	graceful_shutdown/shutdown.go:200	waiting for consumer active invocation count = 1
2026-07-07 14:29:53	INFO	graceful_shutdown/shutdown.go:200	waiting for consumer active invocation count = 1
2026-07-07 14:29:53	INFO	graceful_shutdown/shutdown.go:200	waiting for consumer active invocation count = 1
2026-07-07 14:29:53	INFO	graceful_shutdown/shutdown.go:200	waiting for consumer active invocation count = 1
2026-07-07 14:29:53	INFO	graceful_shutdown/shutdown.go:200	waiting for consumer active invocation count = 1
2026-07-07 14:29:53	INFO	graceful_shutdown/shutdown.go:200	waiting for consumer active invocation count = 1
2026-07-07 14:29:53	INFO	graceful_shutdown/shutdown.go:200	waiting for consumer active invocation count = 1
2026-07-07 14:29:53	INFO	graceful_shutdown/shutdown.go:200	waiting for consumer active invocation count = 1
2026-07-07 14:29:53	INFO	graceful_shutdown/shutdown.go:200	waiting for consumer active invocation count = 1
2026-07-07 14:29:53	INFO	graceful_shutdown/shutdown.go:200	waiting for consumer active invocation count = 1
2026-07-07 14:29:53	INFO	graceful_shutdown/shutdown.go:200	waiting for consumer active invocation count = 1
2026-07-07 14:29:53	INFO	graceful_shutdown/shutdown.go:200	waiting for consumer active invocation count = 1
2026-07-07 14:29:53	INFO	graceful_shutdown/shutdown.go:200	waiting for consumer active invocation count = 1
2026-07-07 14:29:53	INFO	graceful_shutdown/shutdown.go:200	waiting for consumer active invocation count = 1
2026-07-07 14:29:53	INFO	graceful_shutdown/shutdown.go:200	waiting for consumer active invocation count = 1
2026-07-07 14:29:53	INFO	graceful_shutdown/shutdown.go:200	waiting for consumer active invocation count = 1
2026-07-07 14:29:53	INFO	graceful_shutdown/shutdown.go:200	waiting for consumer active invocation count = 1
2026-07-07 14:29:53	INFO	graceful_shutdown/shutdown.go:200	waiting for consumer active invocation count = 1
2026-07-07 14:29:53	INFO	graceful_shutdown/shutdown.go:200	waiting for consumer active invocation count = 1
2026-07-07 14:29:53	INFO	graceful_shutdown/shutdown.go:200	waiting for consumer active invocation count = 1
2026-07-07 14:29:53	INFO	graceful_shutdown/shutdown.go:200	waiting for consumer active invocation count = 1
2026-07-07 14:29:53	INFO	graceful_shutdown/shutdown.go:200	waiting for consumer active invocation count = 1
2026-07-07 14:29:53	INFO	graceful_shutdown/shutdown.go:200	waiting for consumer active invocation count = 1
2026-07-07 14:29:53	INFO	graceful_shutdown/shutdown.go:200	waiting for consumer active invocation count = 1
2026-07-07 14:29:53	INFO	graceful_shutdown/shutdown.go:200	waiting for consumer active invocation count = 1
2026-07-07 14:29:53	INFO	graceful_shutdown/shutdown.go:200	waiting for consumer active invocation count = 1
2026-07-07 14:29:53	INFO	graceful_shutdown/shutdown.go:200	waiting for consumer active invocation count = 1
2026-07-07 14:29:53	INFO	graceful_shutdown/shutdown.go:200	waiting for consumer active invocation count = 1
2026-07-07 14:29:53	INFO	graceful_shutdown/shutdown.go:200	waiting for consumer active invocation count = 1
2026-07-07 14:29:53	INFO	graceful_shutdown/shutdown.go:200	waiting for consumer active invocation count = 1
2026-07-07 14:29:54	INFO	graceful_shutdown/shutdown.go:200	waiting for consumer active invocation count = 1
2026-07-07 14:29:54	INFO	graceful_shutdown/shutdown.go:200	waiting for consumer active invocation count = 1
2026-07-07 14:29:54	INFO	graceful_shutdown/shutdown.go:200	waiting for consumer active invocation count = 1
2026-07-07 14:29:54	INFO	graceful_shutdown/shutdown.go:200	waiting for consumer active invocation count = 1
2026-07-07 14:29:54	INFO	graceful_shutdown/shutdown.go:200	waiting for consumer active invocation count = 1
2026-07-07 14:29:54	INFO	graceful_shutdown/shutdown.go:206	Graceful shutdown --- Destroy protocols. 
2026-07-07 14:29:54	INFO	triple/triple.go:132	TripleProtocol destroy.
2026-07-07 14:29:54	INFO	base/base_invoker.go:94	Destroy invoker: tri://10.80.40.181:27090/cn.mobile.ivy.demo.helloworld.HelloWorldService?IDL-mode=&app.version=&application=dubbo-java-provider-demo-dubbo&async=false&bean.name=cn.mobile.ivy.demo.helloworld.HelloWorldService&category=providers&check.serializable=false&cluster=failover&config.tracing=&deprecated=false&dubbo=2.0.2&dynamic=true&environment=test&generic=false&group=&interface=cn.mobile.ivy.demo.helloworld.HelloWorldService&keep-alive-interval=&keep-alive-timeout=&loadbalance=interleavedweightedroundrobin&metadata-type=local&methods=sayHello%2CsayHelloAsync&module=sample&name=dubbo-go-consumer-demo&organization=dubbo-go&owner=dubbo-go&path=cn.mobile.ivy.demo.helloworld.HelloWorldService&prefer.serialization=hessian2%2Cfastjson2&protocol=tri&provided-by=&proxy=nativestub&reference.filter=cshutdown&registry.role=0&release=3.3.5&retries=&serialization=protobuf&serialize.check.status=DISABLE&side=provider&sticky=false&timeout=5s&timestamp=1783405706126&version=
2026-07-07 14:29:54	INFO	base/base_invoker.go:94	Destroy invoker: tri://192.168.22.36:27090/cn.mobile.ivy.demo.helloworld.HelloWorldService?IDL-mode=&app.version=&application=dubbo-java-provider-demo-dubbo&async=false&bean.name=cn.mobile.ivy.demo.helloworld.HelloWorldService&category=providers&check.serializable=false&cluster=failover&config.tracing=&deprecated=false&dubbo=2.0.2&dynamic=true&environment=test&generic=false&group=&interface=cn.mobile.ivy.demo.helloworld.HelloWorldService&keep-alive-interval=&keep-alive-timeout=&loadbalance=interleavedweightedroundrobin&metadata-type=local&methods=sayHello%2CsayHelloAsync&module=sample&name=dubbo-go-consumer-demo&organization=dubbo-go&owner=dubbo-go&path=cn.mobile.ivy.demo.helloworld.HelloWorldService&prefer.serialization=hessian2%2Cfastjson2&protocol=tri&provided-by=&proxy=nativestub&reference.filter=cshutdown&registry.role=0&release=3.3.5&retries=&serialization=protobuf&serialize.check.status=DISABLE&side=provider&sticky=false&timeout=5s&timestamp=1783405749917&version=
2026-07-07 14:29:57	INFO	graceful_shutdown/shutdown.go:139	Graceful shutdown --- Execute the custom callbacks.
